  1>Building Custom Rule D:/Programming/C++/dcmqrscpWithMongoDB/CMakeSource/dcmtk-3.6.7/dcmiod/libsrc/CMakeLists.txt
  cielabutil.cc
  iodcontentitemmacro.cc
  iodcommn.cc
  iodmacro.cc
  iodrules.cc
  iodreferences.cc
  iodutil.cc
  iodtypes.cc
  modacquisitioncontext.cc
  modbase.cc
  modcommoninstanceref.cc
  modenhequipment.cc
  modenhusimage.cc
  modenhusseries.cc
  modequipment.cc
  modfloatingpointimagepixel.cc
  modfor.cc
  modgeneralimage.cc
  modgeneralseries.cc
  modgeneralstudy.cc
  正在產生程式碼...
  正在編譯...
  modhelp.cc
  modimagepixel.cc
  modimagepixelbase.cc
  modmultiframefg.cc
  modmultiframedimension.cc
  modpatient.cc
  modpatientstudy.cc
  modsegmentationseries.cc
  modsopcommon.cc
  modsynchronization.cc
  modusfor.cc
  正在產生程式碼...
     正在建立程式庫 D:/Programming/C++/dcmqrscpWithMongoDB/dcmqrscpMongoDB/lib/Debug/dcmiod.lib 和物件 D:/Programming/C++/dcmqrscpWithMongoDB/dcmqrscpMongoDB/lib/Debug/dcmiod.exp
  dcmiod.vcxproj -> D:\Programming\C++\dcmqrscpWithMongoDB\dcmqrscpMongoDB\bin\Debug\dcmiod.dll
