  1>Building Custom Rule D:/Programming/C++/dcmqrscpWithMongoDB/CMakeSource/dcmtk-3.6.7/ofstd/libsrc/CMakeLists.txt
  ofchrenc.cc
  ofcmdln.cc
  ofconapp.cc
  ofcond.cc
  ofconfig.cc
  ofconsol.cc
  ofcrc32.cc
  ofdate.cc
  ofdatime.cc
  oferror.cc
  offile.cc
  offilsys.cc
  offname.cc
  oflist.cc
  ofstd.cc
  ofstring.cc
  ofstrutl.cc
  ofthread.cc
  oftime.cc
  oftimer.cc
  正在產生程式碼...
  正在編譯...
  oftempf.cc
  ofxml.cc
  ofuuid.cc
  ofmath.cc
  ofsockad.cc
  ofrand.cc
  正在產生程式碼...
     正在建立程式庫 D:/Programming/C++/dcmqrscpWithMongoDB/dcmqrscpMongoDB/lib/Debug/ofstd.lib 和物件 D:/Programming/C++/dcmqrscpWithMongoDB/dcmqrscpMongoDB/lib/Debug/ofstd.exp
  ofstd.vcxproj -> D:\Programming\C++\dcmqrscpWithMongoDB\dcmqrscpMongoDB\bin\Debug\ofstd.dll
