  1>Building Custom Rule D:/Programming/C++/dcmqrscpWithMongoDB/CMakeSource/dcmtk-3.6.7/dcmpstat/libsrc/CMakeLists.txt
  dcmpstat.cc
  dviface.cc
  dvpsab.cc
  dvpsabl.cc
  dvpsal.cc
  dvpsall.cc
  dvpscf.cc
  dvpscu.cc
  dvpscul.cc
  dvpsda.cc
  dvpsdal.cc
  dvpsfs.cc
  dvpsga.cc
  dvpsgal.cc
  dvpsgl.cc
  dvpsgll.cc
  dvpsgr.cc
  dvpsgrl.cc
  dvpshlp.cc
  dvpsib.cc
  正在產生程式碼...
  正在編譯...
  dvpsibl.cc
  dvpsmsg.cc
  dvpsov.cc
  dvpsovl.cc
  dvpspl.cc
  dvpspl2.cc
  dvpspll.cc
  dvpspr.cc
  dvpsprt.cc
  dvpsri.cc
  dvpsril.cc
  dvpsrs.cc
  dvpsrsl.cc
  dvpssp.cc
  dvpsspl.cc
  dvpssv.cc
  dvpssvl.cc
  dvpstat.cc
  dvpstx.cc
  dvpstxl.cc
  正在產生程式碼...
  正在編譯...
  dvpsvl.cc
  dvpsvll.cc
  dvpsvw.cc
  dvpsvwl.cc
  dvsighdl.cc
  正在產生程式碼...
     正在建立程式庫 D:/Programming/C++/dcmqrscpWithMongoDB/dcmqrscpMongoDB/lib/Debug/dcmpstat.lib 和物件 D:/Programming/C++/dcmqrscpWithMongoDB/dcmqrscpMongoDB/lib/Debug/dcmpstat.exp
  dcmpstat.vcxproj -> D:\Programming\C++\dcmqrscpWithMongoDB\dcmqrscpMongoDB\bin\Debug\dcmpstat.dll
