  1>Building Custom Rule D:/Programming/C++/dcmqrscpWithMongoDB/CMakeSource/dcmtk-3.6.7/dcmsr/libcmr/CMakeLists.txt
  cid100.cc
  cid10013.cc
  cid10013e.cc
  cid10033.cc
  cid10033e.cc
  cid11.cc
  cid244.cc
  cid244e.cc
  cid247.cc
  cid29.cc
  cid29e.cc
  cid4020.cc
  cid4021.cc
  cid4031.cc
  cid4031e.cc
  cid42.cc
  cid5000.cc
  cid5001.cc
  cid6147.cc
  cid7021.cc
  正在產生程式碼...
  正在編譯...
  cid7181.cc
  cid7445.cc
  cid7452.cc
  cid7453.cc
  cid7464.cc
  cid7469.cc
  init.cc
  logger.cc
  srnumvl.cc
  tid1001.cc
  tid1204.cc
  tid1411.cc
  tid1419m.cc
  tid1500.cc
  tid1501.cc
  tid15def.cc
  tid1600.cc
  tid300.cc
  tid4019.cc
  正在產生程式碼...
     正在建立程式庫 D:/Programming/C++/dcmqrscpWithMongoDB/dcmqrscpMongoDB/lib/Debug/cmr.lib 和物件 D:/Programming/C++/dcmqrscpWithMongoDB/dcmqrscpMongoDB/lib/Debug/cmr.exp
  cmr.vcxproj -> D:\Programming\C++\dcmqrscpWithMongoDB\dcmqrscpMongoDB\bin\Debug\cmr.dll
