  1>Building Custom Rule D:/Programming/C++/dcmqrscpWithMongoDB/CMakeSource/dcmtk-3.6.7/dcmimage/libsrc/CMakeLists.txt
  dcmicmph.cc
  diargimg.cc
  dicmyimg.cc
  dicoimg.cc
  dicoopx.cc
  dicopx.cc
  dihsvimg.cc
  dilogger.cc
  dipalimg.cc
  dipipng.cc
  dipitiff.cc
  diqtctab.cc
  diqtfs.cc
  diqthash.cc
  diqthitl.cc
  diqtpbox.cc
  diquant.cc
  diregist.cc
  dirgbimg.cc
  diybrimg.cc
  正在產生程式碼...
  正在編譯...
  diyf2img.cc
  diyp2img.cc
  正在產生程式碼...
     正在建立程式庫 D:/Programming/C++/dcmqrscpWithMongoDB/dcmqrscpMongoDB/lib/Debug/dcmimage.lib 和物件 D:/Programming/C++/dcmqrscpWithMongoDB/dcmqrscpMongoDB/lib/Debug/dcmimage.exp
  dcmimage.vcxproj -> D:\Programming\C++\dcmqrscpWithMongoDB\dcmqrscpMongoDB\bin\Debug\dcmimage.dll
