  1>Building Custom Rule D:/Programming/C++/dcmqrscpWithMongoDB/CMakeSource/dcmtk-3.6.7/dcmsign/libsrc/CMakeLists.txt
  dcsighlp.cc
  dcsignat.cc
  siautopr.cc
  sibrsapr.cc
  sicert.cc
  sicertvf.cc
  sicreapr.cc
  simaccon.cc
  simdmac.cc
  sinullpr.cc
  sipkey.cc
  siprivat.cc
  sipurpos.cc
  sisprof.cc
  sisrpr.cc
  sisrvpr.cc
  sitsfs.cc
  sitstamp.cc
  sitypes.cc
  正在產生程式碼...
     正在建立程式庫 D:/Programming/C++/dcmqrscpWithMongoDB/dcmqrscpMongoDB/lib/Debug/dcmdsig.lib 和物件 D:/Programming/C++/dcmqrscpWithMongoDB/dcmqrscpMongoDB/lib/Debug/dcmdsig.exp
  dcmdsig.vcxproj -> D:\Programming\C++\dcmqrscpWithMongoDB\dcmqrscpMongoDB\bin\Debug\dcmdsig.dll
