  1>Building Custom Rule D:/Programming/C++/dcmqrscpWithMongoDB/CMakeSource/dcmtk-3.6.7/oflog/libsrc/CMakeLists.txt
  apndimpl.cc
  appender.cc
  asyncap.cc
  clogger.cc
  config.cc
  consap.cc
  cygwin32.cc
  env.cc
  factory.cc
  fileap.cc
  fileinfo.cc
  filter.cc
  globinit.cc
  hierarchy.cc
  hierlock.cc
  layout.cc
  lloguser.cc
  lockfile.cc
  log4judp.cc
  logevent.cc
  正在產生程式碼...
  正在編譯...
  logger.cc
  logimpl.cc
  loglevel.cc
  loglog.cc
  logmacro.cc
  mdc.cc
  ndc.cc
  ntelogap.cc
  nullap.cc
  objreg.cc
  oflog.cc
  patlay.cc
  pointer.cc
  property.cc
  queue.cc
  rootlog.cc
  sleep.cc
  snprintf.cc
  sockbuff.cc
  socket.cc
  正在產生程式碼...
  正在編譯...
  socketap.cc
  strccloc.cc
  strcloc.cc
  strhelp.cc
  striconv.cc
  syncprims.cc
  syslogap.cc
  threads.cc
  timehelp.cc
  tls.cc
  version.cc
  winsock.cc
  windebap.cc
  winconap.cc
  正在產生程式碼...
     正在建立程式庫 D:/Programming/C++/dcmqrscpWithMongoDB/dcmqrscpMongoDB/lib/Debug/oflog.lib 和物件 D:/Programming/C++/dcmqrscpWithMongoDB/dcmqrscpMongoDB/lib/Debug/oflog.exp
  oflog.vcxproj -> D:\Programming\C++\dcmqrscpWithMongoDB\dcmqrscpMongoDB\bin\Debug\oflog.dll
