  1>Building Custom Rule D:/Programming/C++/dcmqrscpWithMongoDB/CMakeSource/dcmtk-3.6.7/dcmfg/libsrc/CMakeLists.txt
  concatenationcreator.cc
  concatenationloader.cc
  fg.cc
  fgbase.cc
  fgctacquisitiondetails.cc
  fgctacquisitiontype.cc
  fgctadditionalxraysource.cc
  fgctexposure.cc
  fgctgeometry.cc
  fgctimageframetype.cc
  fgctposition.cc
  fgctreconstruction.cc
  fgcttabledynamics.cc
  fgctxraydetails.cc
  fgderimg.cc
  fgfact.cc
  fgfracon.cc
  fgframeanatomy.cc
  fgframevoilut.cc
  fgpixeltransform.cc
  正在產生程式碼...
  正在編譯...
  fgimagedatatype.cc
  fginterface.cc
  fgirradiationeventid.cc
  fgpixmsr.cc
  fgparametricmapframetype.cc
  fgplanor.cc
  fgplanorvol.cc
  fgplanpo.cc
  fgplanposvol.cc
  fgrealworldvaluemapping.cc
  fgseg.cc
  fgtemporalposition.cc
  fgusimagedescription.cc
  fgtypes.cc
  stack.cc
  stackinterface.cc
  正在產生程式碼...
     正在建立程式庫 D:/Programming/C++/dcmqrscpWithMongoDB/dcmqrscpMongoDB/lib/Debug/dcmfg.lib 和物件 D:/Programming/C++/dcmqrscpWithMongoDB/dcmqrscpMongoDB/lib/Debug/dcmfg.exp
  dcmfg.vcxproj -> D:\Programming\C++\dcmqrscpWithMongoDB\dcmqrscpMongoDB\bin\Debug\dcmfg.dll
