  1>Building Custom Rule D:/Programming/C++/dcmqrscpWithMongoDB/CMakeSource/dcmtk-3.6.7/dcmjpeg/libijg12/CMakeLists.txt
  jaricom.c
  jcapimin.c
  jcapistd.c
  jcarith.c
  jccoefct.c
  jccolor.c
  jcdctmgr.c
  jcdiffct.c
  jchuff.c
  jcinit.c
  jclhuff.c
  jclossls.c
  jclossy.c
  jcmainct.c
  jcmarker.c
  jcmaster.c
  jcodec.c
  jcomapi.c
  jcparam.c
  jcphuff.c
  正在產生程式碼...
  正在編譯...
  jcpred.c
  jcprepct.c
  jcsample.c
  jcscale.c
  jcshuff.c
  jctrans.c
  jdapimin.c
  jdapistd.c
  jdarith.c
  jdatadst.c
  jdatasrc.c
  jdcoefct.c
  jdcolor.c
  jddctmgr.c
  jddiffct.c
  jdhuff.c
  jdinput.c
  jdlhuff.c
  jdlossls.c
  jdlossy.c
  正在產生程式碼...
  正在編譯...
  jdmainct.c
  jdmarker.c
  jdmaster.c
  jdmerge.c
  jdphuff.c
  jdpostct.c
  jdpred.c
  jdsample.c
  jdscale.c
  jdshuff.c
  jdtrans.c
  jerror.c
  jfdctflt.c
  jfdctfst.c
  jfdctint.c
  jidctflt.c
  jidctfst.c
  jidctint.c
  jidctred.c
  jmemmgr.c
  正在產生程式碼...
  正在編譯...
  jmemnobs.c
  jquant1.c
  jquant2.c
  jutils.c
  正在產生程式碼...
     正在建立程式庫 D:/Programming/C++/dcmqrscpWithMongoDB/dcmqrscpMongoDB/lib/Debug/ijg12.lib 和物件 D:/Programming/C++/dcmqrscpWithMongoDB/dcmqrscpMongoDB/lib/Debug/ijg12.exp
  ijg12.vcxproj -> D:\Programming\C++\dcmqrscpWithMongoDB\dcmqrscpMongoDB\bin\Debug\ijg12.dll
