  1>Building Custom Rule D:/Programming/C++/dcmqrscpWithMongoDB/CMakeSource/dcmtk-3.6.7/dcmjpeg/libsrc/CMakeLists.txt
  ddpiimpl.cc
  dipijpeg.cc
  djcodecd.cc
  djcodece.cc
  djcparam.cc
  djdecbas.cc
  djdecext.cc
  djdeclol.cc
  djdecode.cc
  djdecpro.cc
  djdecsps.cc
  djdecsv1.cc
  djdijg12.cc
  djdijg8.cc
  djdijg16.cc
  djeijg12.cc
  djeijg8.cc
  djeijg16.cc
  djencbas.cc
  djencext.cc
  正在產生程式碼...
  正在編譯...
  djenclol.cc
  djencode.cc
  djencpro.cc
  djencsps.cc
  djencsv1.cc
  djrplol.cc
  djrploss.cc
  djutils.cc
  正在產生程式碼...
     正在建立程式庫 D:/Programming/C++/dcmqrscpWithMongoDB/dcmqrscpMongoDB/lib/Debug/dcmjpeg.lib 和物件 D:/Programming/C++/dcmqrscpWithMongoDB/dcmqrscpMongoDB/lib/Debug/dcmjpeg.exp
  dcmjpeg.vcxproj -> D:\Programming\C++\dcmqrscpWithMongoDB\dcmqrscpMongoDB\bin\Debug\dcmjpeg.dll
