  1>Building Custom Rule D:/Programming/C++/dcmqrscpWithMongoDB/CMakeSource/dcmtk-3.6.7/dcmnet/libsrc/CMakeLists.txt
  assoc.cc
  cond.cc
  dcasccff.cc
  dcasccfg.cc
  dccfenmp.cc
  dccfpcmp.cc
  dccfprmp.cc
  dccfrsmp.cc
  dccftsmp.cc
  dccfuidh.cc
  dcmlayer.cc
  dcmtrans.cc
  dcompat.cc
  dcuserid.cc
  dfindscu.cc
  dimcancl.cc
  dimcmd.cc
  dimdump.cc
  dimecho.cc
  dimfind.cc
  正在產生程式碼...
  正在編譯...
  dimget.cc
  dimmove.cc
  dimse.cc
  dimstore.cc
  diutil.cc
  dstorscp.cc
  dstorscu.cc
  dul.cc
  dulconst.cc
  dulextra.cc
  dulfsm.cc
  dulparse.cc
  dulpres.cc
  extneg.cc
  helpers.cc
  lst.cc
  scp.cc
  scpcfg.cc
  scppool.cc
  scpthrd.cc
  正在產生程式碼...
  正在編譯...
  scu.cc
  正在產生程式碼...
  dwrap.c
     正在建立程式庫 D:/Programming/C++/dcmqrscpWithMongoDB/dcmqrscpMongoDB/lib/Debug/dcmnet.lib 和物件 D:/Programming/C++/dcmqrscpWithMongoDB/dcmqrscpMongoDB/lib/Debug/dcmnet.exp
  dcmnet.vcxproj -> D:\Programming\C++\dcmqrscpWithMongoDB\dcmqrscpMongoDB\bin\Debug\dcmnet.dll
